extraCredit: 0
fatalError: false
maxExtraCredit: 0
maxTotalPoints: 14
messages: []
mode: auto
parts:
- description: ''
  extraCredit: false
  maxPoints: 2
  maxSeconds: 1
  messages:
  - 'Exception thrown: <class ''TypeError''> -- unsupported operand type(s) for *:
    ''int'' and ''NoneType'''
  - "  File \"C:\\Users\\user\\OneDrive\\Desktop\\Artificial_Intelligence\\HW2_rev2\\\
    grader.py\", line 25, in test\n    pred = getattr(submission, func_name)()\n"
  - "  File \"C:\\Users\\user\\OneDrive\\Desktop\\Artificial_Intelligence\\HW2_rev2\\\
    submission.py\", line 39, in problem_1a\n    weights[word] -= y* x.get(word)\n"
  name: 1a-1-hidden
  points: 0
  seconds: 0
- description: basic test
  extraCredit: false
  maxPoints: 1
  maxSeconds: 1
  messages: []
  name: 2a-0-basic
  points: 1
  seconds: 0
- description: test multiple instances of the same word in a sentence
  extraCredit: false
  maxPoints: 1
  maxSeconds: 1
  messages: []
  name: 2a-1-hidden
  points: 0
  seconds: 0
- description: basic sanity check for learning correct weights on two training and
    testing examples each
  extraCredit: false
  maxPoints: 1
  maxSeconds: 1
  messages: []
  name: 2b-0-basic
  points: 1
  seconds: 0
- description: test correct overriding of positive weight due to one negative instance
    with repeated words
  extraCredit: false
  maxPoints: 1
  maxSeconds: 1
  messages: []
  name: 2b-1-basic
  points: 1
  seconds: 0
- description: test classifier on real polarity dev dataset
  extraCredit: false
  maxPoints: 6
  maxSeconds: 8
  messages: []
  name: 2b-2-basic
  points: 6
  seconds: 0
- description: test basic ngram features
  extraCredit: false
  maxPoints: 1
  maxSeconds: 1
  messages: []
  name: 2c-0-basic
  points: 1
  seconds: 0
- description: test feature extraction on random sentence and random length
  extraCredit: false
  maxPoints: 2
  maxSeconds: 1
  messages: []
  name: 2c-1-hidden
  points: 0
  seconds: 0
- description: test forward function on XOR dataset
  extraCredit: false
  maxPoints: 1
  maxSeconds: 1
  messages: []
  name: 3a-0-basic
  points: 1
  seconds: 0
- description: test forward function on random data
  extraCredit: false
  maxPoints: 3
  maxSeconds: 1
  messages: []
  name: 3a-1-hidden
  points: 0
  seconds: 0
- description: test loss function on XOR dataset
  extraCredit: false
  maxPoints: 1
  maxSeconds: 1
  messages: []
  name: 3b-0-basic
  points: 1
  seconds: 0
- description: test backward function on XOR dataset
  extraCredit: false
  maxPoints: 1
  maxSeconds: 1
  messages: []
  name: 3b-1-basic
  points: 1
  seconds: 0
- description: test backward function on random data
  extraCredit: false
  maxPoints: 6
  maxSeconds: 1
  messages: []
  name: 3b-2-hidden
  points: 0
  seconds: 0
- description: test train function on XOR dataset
  extraCredit: false
  maxPoints: 1
  maxSeconds: 10
  messages:
  - Time limit (10 seconds) exceeded.
  name: 3c-0-basic
  points: 0
  seconds: 39
- description: test train function on random data
  extraCredit: false
  maxPoints: 1
  maxSeconds: 10
  messages:
  - Time limit (10 seconds) exceeded.
  name: 3c-1-hidden
  points: 0
  seconds: 113
totalPoints: 13
